Arguments: 
  /Users/mac/.nvm/versions/node/v8.1.4/bin/node /Users/mac/.nvm/versions/node/v8.1.4/bin/yarn

PATH: 
  /usr/local/sbin:/Users/mac/.nvm/versions/node/v8.1.4/bin:/usr/local/bin:/usr/bin:/bin:/usr/sbin:/sbin:~/.rvm/bin:/Users/mac/pear/bin:/Users/mac/.rvm/bin

Yarn version: 
  0.27.5

Node version: 
  8.1.4

Platform: 
  darwin x64

npm manifest: 
  {
    "name": "interactive-bitcoin-price-chart",
    "version": "1.0.0",
    "dependencies": {
      "moment": "^2.18.1",
      "react": "^15.6.1",
      "react-dom": "^15.6.1",
      "serve": "^6.0.3"
    },
    "devDependencies": {
      "react-scripts": "1.0.10"
    },
    "scripts": {
      "start": "react-scripts start",
      "now-start": "serve build/",
      "build": "react-scripts build",
      "test": "react-scripts test --env=jsdom",
      "eject": "react-scripts eject"
    }
  }

yarn manifest: 
  No manifest

Lockfile: 
  No lockfile

Trace: 
  Error: getaddrinfo ENOTFOUND registry.yarnpkg.com registry.yarnpkg.com:443
      at errnoException (dns.js:50:10)
      at GetAddrInfoReqWrap.onlookup [as oncomplete] (dns.js:91:26)
